==315071== Memcheck, a memory error detector
==315071== Copyright (C) 2002-2022, and GNU GPL'd, by Julian Seward et al.
==315071== Using Valgrind-3.19.0-8d3c8034b8-20220411 and LibVEX; rerun with -h for copyright info
==315071== Command: build/test-gcc-11-debug/zero
==315071== Parent PID: 315009
==315071== 
--315071-- 
--315071-- Valgrind options:
--315071--    --demangle=yes
--315071--    --tool=memcheck
--315071--    --leak-check=full
--315071--    --track-origins=yes
--315071--    --verbose
--315071--    --log-file=valgrind.log
--315071--    --gen-suppressions=all
--315071--    --suppressions=project-config/valgrind.supp
--315071-- Contents of /proc/version:
--315071--   Linux version 5.13.0-44-generic (buildd@lcy02-amd64-107) (gcc (Ubuntu 9.4.0-1ubuntu1~20.04.1) 9.4.0, GNU ld (GNU Binutils for Ubuntu) 2.34) #49~20.04.1-Ubuntu SMP Wed May 18 18:44:28 UTC 2022
--315071-- 
--315071-- Arch and hwcaps: AMD64, LittleEndian, amd64-cx16-lzcnt-rdtscp-sse3-ssse3-avx-avx2-bmi-f16c-rdrand-rdseed
--315071-- Page sizes: currently 4096, max supported 4096
--315071-- Valgrind library directory: /usr/local/libexec/valgrind
--315071-- Reading syms from /home/amichaux/Documents/CrashPlan/Development/github-repos/zero/build/test-gcc-11-debug/zero
--315071-- Reading syms from /usr/lib/x86_64-linux-gnu/ld-2.31.so
--315071--   Considering /usr/lib/debug/.build-id/45/87364908de169dec62ffa538170118c1c3a078.debug ..
--315071--   .. build-id is valid
--315071-- Reading syms from /usr/local/libexec/valgrind/memcheck-amd64-linux
--315071--    object doesn't have a dynamic symbol table
--315071-- Scheduler: using generic scheduler lock implementation.
--315071-- Reading suppressions file: project-config/valgrind.supp
--315071-- Reading suppressions file: /usr/local/libexec/valgrind/default.supp
==315071== embedded gdbserver: reading from /tmp/vgdb-pipe-from-vgdb-to-315071-by-amichaux-on-???
==315071== embedded gdbserver: writing to   /tmp/vgdb-pipe-to-vgdb-from-315071-by-amichaux-on-???
==315071== embedded gdbserver: shared mem   /tmp/vgdb-pipe-shared-mem-vgdb-315071-by-amichaux-on-???
==315071== 
==315071== TO CONTROL THIS PROCESS USING vgdb (which you probably
==315071== don't want to do, unless you know exactly what you're doing,
==315071== or are doing some strange experiment):
==315071==   /usr/local/libexec/valgrind/../../bin/vgdb --pid=315071 ...command...
==315071== 
==315071== TO DEBUG THIS PROCESS USING GDB: start GDB like this
==315071==   /path/to/gdb build/test-gcc-11-debug/zero
==315071== and then give GDB the following command
==315071==   target remote | /usr/local/libexec/valgrind/../../bin/vgdb --pid=315071
==315071== --pid is optional if only one valgrind process is running
==315071== 
--315071-- REDIR: 0x4022e20 (ld-linux-x86-64.so.2:strlen) redirected to 0x580cec02 (vgPlain_amd64_linux_REDIR_FOR_strlen)
--315071-- REDIR: 0x4022bf0 (ld-linux-x86-64.so.2:index) redirected to 0x580cec1c (vgPlain_amd64_linux_REDIR_FOR_index)
--315071-- Reading syms from /usr/local/libexec/valgrind/vgpreload_core-amd64-linux.so
--315071-- Reading syms from /usr/local/libexec/valgrind/vgpreload_memcheck-amd64-linux.so
==315071== WARNING: new redirection conflicts with existing -- ignoring it
--315071--     old: 0x04022e20 (strlen              ) R-> (0000.0) 0x580cec02 vgPlain_amd64_linux_REDIR_FOR_strlen
--315071--     new: 0x04022e20 (strlen              ) R-> (2007.0) 0x04842760 strlen
--315071-- REDIR: 0x401f600 (ld-linux-x86-64.so.2:strcmp) redirected to 0x48436d0 (strcmp)
--315071-- REDIR: 0x4023380 (ld-linux-x86-64.so.2:mempcpy) redirected to 0x48475d0 (mempcpy)
--315071-- Reading syms from /usr/lib/x86_64-linux-gnu/libm-2.31.so
--315071--   Considering /usr/lib/debug/.build-id/fe/91b4090ea04c1559ff71dd9290062776618891.debug ..
--315071--   .. build-id is valid
--315071-- Reading syms from /opt/cc/gcc-11.2.0/lib64/libstdc++.so.6.0.29
--315071-- Reading syms from /usr/lib/x86_64-linux-gnu/libpthread-2.31.so
--315071--   Considering /usr/lib/debug/.build-id/7b/4536f41cdaa5888408e82d0836e33dcf436466.debug ..
--315071--   .. build-id is valid
--315071-- Reading syms from /usr/lib/x86_64-linux-gnu/libssl.so.1.1
--315071--    object doesn't have a symbol table
--315071-- Reading syms from /usr/lib/x86_64-linux-gnu/libcrypto.so.1.1
--315071--    object doesn't have a symbol table
--315071-- Reading syms from /opt/cc/gcc-11.2.0/lib64/libgcc_s.so.1
--315071-- Reading syms from /usr/lib/x86_64-linux-gnu/libc-2.31.so
--315071--   Considering /usr/lib/debug/.build-id/18/78e6b475720c7c51969e69ab2d276fae6d1dee.debug ..
--315071--   .. build-id is valid
==315071== WARNING: new redirection conflicts with existing -- ignoring it
--315071--     old: 0x05027250 (memalign            ) R-> (1011.0) 0x048419fd memalign
--315071--     new: 0x05027250 (memalign            ) R-> (1017.0) 0x048419d0 aligned_alloc
==315071== WARNING: new redirection conflicts with existing -- ignoring it
--315071--     old: 0x05027250 (memalign            ) R-> (1011.0) 0x048419fd memalign
--315071--     new: 0x05027250 (memalign            ) R-> (1017.0) 0x048419a3 aligned_alloc
==315071== WARNING: new redirection conflicts with existing -- ignoring it
--315071--     old: 0x05027250 (memalign            ) R-> (1011.0) 0x048419fd memalign
--315071--     new: 0x05027250 (memalign            ) R-> (1017.0) 0x048419d0 aligned_alloc
==315071== WARNING: new redirection conflicts with existing -- ignoring it
--315071--     old: 0x05027250 (memalign            ) R-> (1011.0) 0x048419fd memalign
--315071--     new: 0x05027250 (memalign            ) R-> (1017.0) 0x048419a3 aligned_alloc
--315071-- Reading syms from /usr/lib/x86_64-linux-gnu/libdl-2.31.so
--315071--   Considering /usr/lib/debug/.build-id/c0/f40155b3f8bf8c494fa800f9ab197ebe20ed6e.debug ..
--315071--   .. build-id is valid
--315071-- REDIR: 0x502c480 (libc.so.6:memmove) redirected to 0x48311bb (_vgnU_ifunc_wrapper)
==315071== Preferring higher priority redirection:
--315071--     old: 0x051176e0 (__memcpy_avx_unalign) R-> (2018.0) 0x04844b00 __memcpy_avx_unaligned_erms
--315071--     new: 0x051176e0 (__memcpy_avx_unalign) R-> (2018.1) 0x048465a0 memmove
--315071-- REDIR: 0x502b780 (libc.so.6:strncpy) redirected to 0x48311bb (_vgnU_ifunc_wrapper)
--315071-- REDIR: 0x502c7b0 (libc.so.6:strcasecmp) redirected to 0x48311bb (_vgnU_ifunc_wrapper)
--315071-- REDIR: 0x502b0a0 (libc.so.6:strcat) redirected to 0x48311bb (_vgnU_ifunc_wrapper)
--315071-- REDIR: 0x502b7e0 (libc.so.6:rindex) redirected to 0x48311bb (_vgnU_ifunc_wrapper)
--315071-- REDIR: 0x502dc50 (libc.so.6:rawmemchr) redirected to 0x48311bb (_vgnU_ifunc_wrapper)
--315071-- REDIR: 0x5048ce0 (libc.so.6:wmemchr) redirected to 0x48311bb (_vgnU_ifunc_wrapper)
--315071-- REDIR: 0x5048820 (libc.so.6:wcscmp) redirected to 0x48311bb (_vgnU_ifunc_wrapper)
--315071-- REDIR: 0x502c5e0 (libc.so.6:mempcpy) redirected to 0x48311bb (_vgnU_ifunc_wrapper)
--315071-- REDIR: 0x502c410 (libc.so.6:bcmp) redirected to 0x48311bb (_vgnU_ifunc_wrapper)
--315071-- REDIR: 0x502b710 (libc.so.6:strncmp) redirected to 0x48311bb (_vgnU_ifunc_wrapper)
--315071-- REDIR: 0x502b150 (libc.so.6:strcmp) redirected to 0x48311bb (_vgnU_ifunc_wrapper)
--315071-- REDIR: 0x502c540 (libc.so.6:memset) redirected to 0x48311bb (_vgnU_ifunc_wrapper)
--315071-- REDIR: 0x50487e0 (libc.so.6:wcschr) redirected to 0x48311bb (_vgnU_ifunc_wrapper)
--315071-- REDIR: 0x502b670 (libc.so.6:strnlen) redirected to 0x48311bb (_vgnU_ifunc_wrapper)
--315071-- REDIR: 0x502b230 (libc.so.6:strcspn) redirected to 0x48311bb (_vgnU_ifunc_wrapper)
--315071-- REDIR: 0x502c800 (libc.so.6:strncasecmp) redirected to 0x48311bb (_vgnU_ifunc_wrapper)
--315071-- REDIR: 0x502b1d0 (libc.so.6:strcpy) redirected to 0x48311bb (_vgnU_ifunc_wrapper)
--315071-- REDIR: 0x502c950 (libc.so.6:memcpy@@GLIBC_2.14) redirected to 0x48311bb (_vgnU_ifunc_wrapper)
--315071-- REDIR: 0x5049f50 (libc.so.6:wcsnlen) redirected to 0x48311bb (_vgnU_ifunc_wrapper)
--315071-- REDIR: 0x5048860 (libc.so.6:wcscpy) redirected to 0x48311bb (_vgnU_ifunc_wrapper)
--315071-- REDIR: 0x502b820 (libc.so.6:strpbrk) redirected to 0x48311bb (_vgnU_ifunc_wrapper)
--315071-- REDIR: 0x502b100 (libc.so.6:index) redirected to 0x48311bb (_vgnU_ifunc_wrapper)
--315071-- REDIR: 0x502b630 (libc.so.6:strlen) redirected to 0x48311bb (_vgnU_ifunc_wrapper)
--315071-- REDIR: 0x5034bb0 (libc.so.6:memrchr) redirected to 0x48311bb (_vgnU_ifunc_wrapper)
--315071-- REDIR: 0x502c850 (libc.so.6:strcasecmp_l) redirected to 0x48311bb (_vgnU_ifunc_wrapper)
--315071-- REDIR: 0x502c3d0 (libc.so.6:memchr) redirected to 0x48311bb (_vgnU_ifunc_wrapper)
--315071-- REDIR: 0x5048930 (libc.so.6:wcslen) redirected to 0x48311bb (_vgnU_ifunc_wrapper)
--315071-- REDIR: 0x502bae0 (libc.so.6:strspn) redirected to 0x48311bb (_vgnU_ifunc_wrapper)
--315071-- REDIR: 0x502c750 (libc.so.6:stpncpy) redirected to 0x48311bb (_vgnU_ifunc_wrapper)
--315071-- REDIR: 0x502c6f0 (libc.so.6:stpcpy) redirected to 0x48311bb (_vgnU_ifunc_wrapper)
--315071-- REDIR: 0x502dc90 (libc.so.6:strchrnul) redirected to 0x48311bb (_vgnU_ifunc_wrapper)
--315071-- REDIR: 0x502c8a0 (libc.so.6:strncasecmp_l) redirected to 0x48311bb (_vgnU_ifunc_wrapper)
--315071-- REDIR: 0x50b9850 (libc.so.6:__memcpy_chk) redirected to 0x48311bb (_vgnU_ifunc_wrapper)
--315071-- REDIR: 0x502c2f0 (libc.so.6:strstr) redirected to 0x48311bb (_vgnU_ifunc_wrapper)
--315071-- REDIR: 0x5114500 (libc.so.6:__strrchr_avx2) redirected to 0x4842110 (rindex)
--315071-- REDIR: 0x51146d0 (libc.so.6:__strlen_avx2) redirected to 0x4842640 (strlen)
--315071-- REDIR: 0x50260e0 (libc.so.6:malloc) redirected to 0x483c7df (malloc)
--315071-- REDIR: 0x5110cc0 (libc.so.6:__memcmp_avx2_movbe) redirected to 0x4845cc0 (bcmp)
--315071-- REDIR: 0x510fbd0 (libc.so.6:__strcmp_avx2) redirected to 0x48435d0 (strcmp)
--315071-- REDIR: 0x4a809f0 (libstdc++.so.6:operator new(unsigned long)) redirected to 0x483cf71 (operator new(unsigned long))
--315071-- REDIR: 0x5027b10 (libc.so.6:calloc) redirected to 0x48413f1 (calloc)
--315071-- REDIR: 0x4a80a30 (libstdc++.so.6:operator new(unsigned long, std::nothrow_t const&)) redirected to 0x483d7b3 (operator new(unsigned long, std::nothrow_t const&))
--315071-- REDIR: 0x51176e0 (libc.so.6:__memcpy_avx_unaligned_erms) redirected to 0x48465a0 (memmove)
--315071-- REDIR: 0x4a7ecd0 (libstdc++.so.6:operator delete(void*, unsigned long)) redirected to 0x483f857 (operator delete(void*, unsigned long))
--315071-- REDIR: 0x5110530 (libc.so.6:__memchr_avx2) redirected to 0x4843750 (memchr)
--315071-- REDIR: 0x4a80a50 (libstdc++.so.6:operator new[](unsigned long)) redirected to 0x483e1a5 (operator new[](unsigned long))
--315071-- REDIR: 0x5117b60 (libc.so.6:__memset_avx2_unaligned_erms) redirected to 0x4846490 (memset)
--315071-- REDIR: 0x5026e80 (libc.so.6:realloc) redirected to 0x484163e (realloc)
--315071-- REDIR: 0x5116900 (libc.so.6:__stpcpy_avx2) redirected to 0x4845de0 (stpcpy)
--315071-- REDIR: 0x51176c0 (libc.so.6:__mempcpy_avx_unaligned_erms) redirected to 0x4847210 (mempcpy)
--315071-- REDIR: 0x50266d0 (libc.so.6:free) redirected to 0x483f051 (free)
--315071-- REDIR: 0x51110a0 (libc.so.6:__strcasecmp_avx) redirected to 0x4842f30 (strcasecmp)
--315071-- REDIR: 0x5115c10 (libc.so.6:__strcpy_avx2) redirected to 0x4842790 (strcpy)
--315071-- REDIR: 0x502bfa0 (libc.so.6:__GI_strstr) redirected to 0x4847850 (__strstr_sse2)
--315071-- REDIR: 0x51140e0 (libc.so.6:__strchr_avx2) redirected to 0x48422f0 (index)
--315071-- REDIR: 0x5112720 (libc.so.6:__strncasecmp_avx) redirected to 0x4843010 (strncasecmp)
--315071-- REDIR: 0x51176d0 (libc.so.6:__memcpy_chk_avx_unaligned_erms) redirected to 0x48476c0 (__memcpy_chk)
--315071-- REDIR: 0x5110010 (libc.so.6:__strncmp_avx2) redirected to 0x4842d70 (strncmp)
--315071-- REDIR: 0x5027250 (libc.so.6:memalign) redirected to 0x48419fd (memalign)
--315071-- REDIR: 0x5114310 (libc.so.6:__strchrnul_avx2) redirected to 0x48470f0 (strchrnul)
--315071-- REDIR: 0x510f960 (libc.so.6:__strpbrk_sse42) redirected to 0x4847950 (strpbrk)
--315071-- Reading syms from /usr/lib/x86_64-linux-gnu/libnss_files-2.31.so
--315071--   Considering /usr/lib/debug/.build-id/45/da81f0ac3660e3c3cb947c6244151d879ed9e8.debug ..
--315071--   .. build-id is valid
--315071-- REDIR: 0x4a7ecf0 (libstdc++.so.6:operator delete[](void*)) redirected to 0x48405eb (operator delete[](void*))
--315071-- REDIR: 0x5116cb0 (libc.so.6:__stpncpy_avx2) redirected to 0x4846390 (stpncpy)
--315071-- REDIR: 0x4a7ecc0 (libstdc++.so.6:operator delete(void*)) redirected to 0x483f5df (operator delete(void*))
--315071-- REDIR: 0x4a7ed00 (libstdc++.so.6:operator delete[](void*, unsigned long)) redirected to 0x4840863 (operator delete[](void*, unsigned long))
--315071-- Discarding syms at 0x6d8f5c0-0x6d95a1c in /usr/lib/x86_64-linux-gnu/libnss_files-2.31.so (have_dinfo 1)
==315071== 
==315071== HEAP SUMMARY:
==315071==     in use at exit: 0 bytes in 0 blocks
==315071==   total heap usage: 11,151 allocs, 11,151 frees, 2,096,008 bytes allocated
==315071== 
==315071== All heap blocks were freed -- no leaks are possible
==315071== 
==315071== ERROR SUMMARY: 0 errors from 0 contexts (suppressed: 0 from 0)
